This is pdfTeX, Version 3.141592653-2.6-1.40.25 (TeX Live 2023/Debian) (preloaded format=pdfetex 2023.10.17)  17 OCT 2023 22:32
entering extended mode
 restricted \write18 enabled.
 file:line:error style messages enabled.
 %&-line parsing enabled.
**\input ./flex.texi \input ./flex.texi
(./flex.texi (/usr/share/texmf/tex/texinfo/texinfo.tex
Loading texinfo [version 2022-11-07.17]:
\bindingoffset=\dimen16
\normaloffset=\dimen17
\txipagewidth=\dimen18
\txipageheight=\dimen19
\defaultoutput=\toks13
\headlinebox=\box16
\footlinebox=\box17
\savedtopmark=\toks14
\margin=\insert252
\EMsimple=\toks15
\groupbox=\box18
\groupinvalidhelp=\toks16
\mil=\dimen20
\exdentamount=\skip18
\inmarginspacing=\skip19
\centerpenalty=\count27
 pdf,
\tempnum=\count28
\lnkcount=\count29
\filename=\toks17
\filenamelength=\count30
\pgn=\count31
\toksA=\toks18
\toksB=\toks19
\toksC=\toks20
\toksD=\toks21
\boxA=\box19
\boxB=\box20
\countA=\count32
\pagecount=\count33
\romancount=\count34
\arabiccount=\count35
\nopdfimagehelp=\toks22
 fonts,
\textleading=\dimen21
\sffam=\fam8
\fontdepth=\count36
 glyphs,
\errorbox=\box21
 page headings,
\titlepagetopglue=\skip20
\titlepagebottomglue=\skip21
\evenheadline=\toks23
\oddheadline=\toks24
\evenchapheadline=\toks25
\oddchapheadline=\toks26
\evenfootline=\toks27
\oddfootline=\toks28

tables,
\tableindent=\dimen22
\itemindent=\dimen23
\itemmargin=\dimen24
\itemmax=\dimen25
\itemno=\count37
\colcount=\count38
\everytab=\toks29
 conditionals,
\doignorecount=\count39
 indexing,
\dummybox=\box22
\whatsitskip=\skip22
\whatsitpenalty=\count40
\entryrightmargin=\dimen26
\thinshrinkable=\skip23
\partialpage=\box23
\doublecolumnhsize=\dimen27
\balancedcolumns=\box24
 sectioning,
\unnumberedno=\count41
\chapno=\count42
\secno=\count43
\subsecno=\count44
\subsubsecno=\count45
\appendixno=\count46
\absseclevel=\count47
\secbase=\count48
\chapheadingskip=\skip24
\secheadingskip=\skip25
\subsecheadingskip=\skip26
 toc,
\tocfile=\write0
\contentsrightmargin=\skip27
\savepageno=\count49
\lastnegativepageno=\count50
\tocindent=\dimen28
 environments,
\lispnarrowing=\skip28
\envskipamount=\skip29
\lskip=\skip30
\rskip=\skip31
\circthick=\dimen29
\cartouter=\dimen30
\cartinner=\dimen31
\normbskip=\skip32
\normpskip=\skip33
\normlskip=\skip34
\nonfillparindent=\dimen32
\tabw=\dimen33
\verbbox=\box25
 defuns,
\defbodyindent=\skip35
\defargsindent=\skip36
\deflastargmargin=\skip37
\defunpenalty=\count51
\parencount=\count52
\brackcount=\count53
 macros,
\paramno=\count54
\macname=\toks30

cross references,
\auxfile=\write1
\savesfregister=\count55
\toprefbox=\box26
\printedrefnamebox=\box27
\infofilenamebox=\box28
\printedmanualbox=\box29
 insertions,
\footnoteno=\count56
\SAVEfootins=\box30
\SAVEmargin=\box31
\noepsfhelp=\toks31
\capheight=\dimen34
 localization,
\nolanghelp=\toks32
\countUTFx=\count57
\countUTFy=\count58
\countUTFz=\count59
 formatting,
\defaultparindent=\dimen35
 microtype,
\countC=\count60
\countB=\count61

and turning on texinfo input format.)
Variable `EDITION', used in @value, is not set.
Variable `UPDATED', used in @value, is not set. [1{/var/lib/texmf/fonts/map/pdf
tex/updmap/pdftex.map}] [2] (/home/tylerdurden/Projects/facdoc/doc/flex.toc)
[-1] (/home/tylerdurden/Projects/facdoc/doc/flex.toc)
(/home/tylerdurden/Projects/facdoc/doc/flex.toc) Chapter 1
\openout0 = `flex.toc'.


(/home/tylerdurden/Projects/facdoc/doc/flex.aux)
\openout1 = `flex.aux'.

@cpindfile=@write2
\openout2 = `flex.cp'.


Writing index file flex.cp
Chapter 2 [1] Chapter 3 [2] Chapter 4 [3]
texinfo.tex: doing @verbatiminclude of example_r.lex


./flex.texi:357: I can't find file `example_r.lex'.
@tmp ->@input example_r.lex 
                            
@doverbatiminclude ...pandafter @starttabbox @tmp 
                                                  @egroup @afterenvbreak }
l.357 @verbatiminclude example_r.lex
                                    
(Press Enter to retry, or Control-D to exit)
Please type another input file name: 
./flex.texi:357: Emergency stop.
@tmp ->@input example_r.lex 
                            
@doverbatiminclude ...pandafter @starttabbox @tmp 
                                                  @egroup @afterenvbreak }
l.357 @verbatiminclude example_r.lex
                                    
End of file on the terminal!

./flex.texi:357:  ==> Fatal error occurred, no output PDF file produced!
