This file contains any messages produced by compilers while
running configure, to aid debugging if configure makes a mistake.

It was created by facdoc configure 0.0.1, which was
generated by GNU Autoconf 2.71.  Invocation command line was

  $ ../configure

## --------- ##
## Platform. ##
## --------- ##

hostname = ltt440
uname -m = x86_64
uname -r = 6.1.0-12-amd64
uname -s = Linux
uname -v = #1 SMP PREEMPT_DYNAMIC Debian 6.1.52-1 (2023-09-07)

/usr/bin/uname -p = unknown
/bin/uname -X     = unknown

/bin/arch              = x86_64
/usr/bin/arch -k       = unknown
/usr/convex/getsysinfo = unknown
/usr/bin/hostinfo      = unknown
/bin/machine           = unknown
/usr/bin/oslevel       = unknown
/bin/universe          = unknown

PATH: /usr/local/bin/
PATH: /usr/bin/
PATH: /bin/
PATH: /usr/local/games/
PATH: /usr/games/


## ----------- ##
## Core tests. ##
## ----------- ##

configure:2469: looking for aux files: config.guess config.sub compile missing install-sh
configure:2482:  trying ../build-aux/
configure:2511:   ../build-aux/config.guess found
configure:2511:   ../build-aux/config.sub found
configure:2511:   ../build-aux/compile found
configure:2511:   ../build-aux/missing found
configure:2493:   ../build-aux/install-sh found
configure:2647: checking for a BSD-compatible install
configure:2720: result: /usr/bin/install -c
configure:2731: checking whether build environment is sane
configure:2786: result: yes
configure:2945: checking for a race-free mkdir -p
configure:2989: result: /usr/bin/mkdir -p
configure:2996: checking for gawk
configure:3017: found /usr/bin/gawk
configure:3028: result: gawk
configure:3039: checking whether make sets $(MAKE)
configure:3062: result: yes
configure:3092: checking whether make supports nested variables
configure:3110: result: yes
configure:3250: checking whether make sets $(MAKE)
configure:3273: result: yes
configure:3288: checking for gawk
configure:3320: result: gawk
configure:3393: checking for gcc
configure:3414: found /usr/bin/gcc
configure:3425: result: gcc
configure:3778: checking for C compiler version
configure:3787: gcc --version >&5
gcc (Debian 12.2.0-14) 12.2.0
Copyright (C) 2022 Free Software Foundation, Inc.
This is free software; see the source for copying conditions.  There is NO
warranty; not even for MERCHANTABILITY or FITNESS FOR A PARTICULAR PURPOSE.

configure:3798: $? = 0
configure:3787: gcc -v >&5
Using built-in specs.
COLLECT_GCC=gcc
COLLECT_LTO_WRAPPER=/usr/lib/gcc/x86_64-linux-gnu/12/lto-wrapper
OFFLOAD_TARGET_NAMES=nvptx-none:amdgcn-amdhsa
OFFLOAD_TARGET_DEFAULT=1
Target: x86_64-linux-gnu
Configured with: ../src/configure -v --with-pkgversion='Debian 12.2.0-14' --with-bugurl=file:///usr/share/doc/gcc-12/README.Bugs --enable-languages=c,ada,c++,go,d,fortran,objc,obj-c++,m2 --prefix=/usr --with-gcc-major-version-only --program-suffix=-12 --program-prefix=x86_64-linux-gnu- --enable-shared --enable-linker-build-id --libexecdir=/usr/lib --without-included-gettext --enable-threads=posix --libdir=/usr/lib --enable-nls --enable-clocale=gnu --enable-libstdcxx-debug --enable-libstdcxx-time=yes --with-default-libstdcxx-abi=new --enable-gnu-unique-object --disable-vtable-verify --enable-plugin --enable-default-pie --with-system-zlib --enable-libphobos-checking=release --with-target-system-zlib=auto --enable-objc-gc=auto --enable-multiarch --disable-werror --enable-cet --with-arch-32=i686 --with-abi=m64 --with-multilib-list=m32,m64,mx32 --enable-multilib --with-tune=generic --enable-offload-targets=nvptx-none=/build/gcc-12-bTRWOB/gcc-12-12.2.0/debian/tmp-nvptx/usr,amdgcn-amdhsa=/build/gcc-12-bTRWOB/gcc-12-12.2.0/debian/tmp-gcn/usr --enable-offload-defaulted --without-cuda-driver --enable-checking=release --build=x86_64-linux-gnu --host=x86_64-linux-gnu --target=x86_64-linux-gnu
Thread model: posix
Supported LTO compression algorithms: zlib zstd
gcc version 12.2.0 (Debian 12.2.0-14) 
... rest of stderr output deleted ...
configure:3798: $? = 0
configure:3787: gcc -V >&5
gcc: error: unrecognized command-line option '-V'
gcc: fatal error: no input files
compilation terminated.
configure:3798: $? = 1
configure:3787: gcc -qversion >&5
gcc: error: unrecognized command-line option '-qversion'; did you mean '--version'?
gcc: fatal error: no input files
compilation terminated.
configure:3798: $? = 1
configure:3787: gcc -version >&5
gcc: error: unrecognized command-line option '-version'
gcc: fatal error: no input files
compilation terminated.
configure:3798: $? = 1
configure:3818: checking whether the C compiler works
configure:3840: gcc    conftest.c  >&5
configure:3844: $? = 0
configure:3894: result: yes
configure:3897: checking for C compiler default output file name
configure:3899: result: a.out
configure:3905: checking for suffix of executables
configure:3912: gcc -o conftest    conftest.c  >&5
configure:3916: $? = 0
configure:3939: result: 
configure:3961: checking whether we are cross compiling
configure:3969: gcc -o conftest    conftest.c  >&5
configure:3973: $? = 0
configure:3980: ./conftest
configure:3984: $? = 0
configure:3999: result: no
configure:4004: checking for suffix of object files
configure:4027: gcc -c   conftest.c >&5
configure:4031: $? = 0
configure:4053: result: o
configure:4057: checking whether the compiler supports GNU C
configure:4077: gcc -c   conftest.c >&5
configure:4077: $? = 0
configure:4087: result: yes
configure:4098: checking whether gcc accepts -g
configure:4119: gcc -c -g  conftest.c >&5
configure:4119: $? = 0
configure:4163: result: yes
configure:4183: checking for gcc option to enable C11 features
configure:4198: gcc  -c -g -O2  conftest.c >&5
configure:4198: $? = 0
configure:4216: result: none needed
configure:4332: checking whether gcc understands -c and -o together
configure:4355: gcc -c conftest.c -o conftest2.o
configure:4358: $? = 0
configure:4355: gcc -c conftest.c -o conftest2.o
configure:4358: $? = 0
configure:4370: result: yes
configure:4390: checking whether make supports the include directive
configure:4405: make -f confmf.GNU && cat confinc.out
this is the am__doit target
configure:4408: $? = 0
configure:4427: result: yes (GNU style)
configure:4453: checking dependency style of gcc
configure:4565: result: gcc3
configure:4584: checking for bison
configure:4605: found /usr/bin/bison
configure:4616: result: bison -y
configure:4633: checking for flex
configure:4654: found /usr/bin/flex
configure:4665: result: flex
configure:4714: checking for lex output file root
configure:4727: flex conftest.l
configure:4731: $? = 0
configure:4739: result: lex.yy
configure:4754: checking for lex library
configure:4779: gcc -o conftest -g -O2   conftest.c  >&5
configure:4779: $? = 0
configure:4792: result: none needed
configure:4812: checking whether yytext is a pointer
configure:4828: gcc -c -g -O2  conftest.c >&5
configure:4828: $? = 0
configure:4835: result: yes
configure:4857: checking build system type
configure:4872: result: x86_64-pc-linux-gnu
configure:4892: checking host system type
configure:4906: result: x86_64-pc-linux-gnu
configure:4973: checking for log10 in -lm
configure:4996: gcc -o conftest -g -O2   conftest.c -lm   >&5
conftest.c:16:6: warning: conflicting types for built-in function 'log10'; expected 'double(double)' [-Wbuiltin-declaration-mismatch]
   16 | char log10 ();
      |      ^~~~~
conftest.c:1:1: note: 'log10' is declared in header '<math.h>'
    1 | /* confdefs.h */
configure:4996: $? = 0
configure:5006: result: yes
configure:5030: checking for stdio.h
configure:5030: gcc -c -g -O2  conftest.c >&5
configure:5030: $? = 0
configure:5030: result: yes
configure:5030: checking for stdlib.h
configure:5030: gcc -c -g -O2  conftest.c >&5
configure:5030: $? = 0
configure:5030: result: yes
configure:5030: checking for string.h
configure:5030: gcc -c -g -O2  conftest.c >&5
configure:5030: $? = 0
configure:5030: result: yes
configure:5030: checking for inttypes.h
configure:5030: gcc -c -g -O2  conftest.c >&5
configure:5030: $? = 0
configure:5030: result: yes
configure:5030: checking for stdint.h
configure:5030: gcc -c -g -O2  conftest.c >&5
configure:5030: $? = 0
configure:5030: result: yes
configure:5030: checking for strings.h
configure:5030: gcc -c -g -O2  conftest.c >&5
configure:5030: $? = 0
configure:5030: result: yes
configure:5030: checking for sys/stat.h
configure:5030: gcc -c -g -O2  conftest.c >&5
configure:5030: $? = 0
configure:5030: result: yes
configure:5030: checking for sys/types.h
configure:5030: gcc -c -g -O2  conftest.c >&5
configure:5030: $? = 0
configure:5030: result: yes
configure:5030: checking for unistd.h
configure:5030: gcc -c -g -O2  conftest.c >&5
configure:5030: $? = 0
configure:5030: result: yes
configure:5055: checking for argp.h
configure:5055: gcc -c -g -O2  conftest.c >&5
configure:5055: $? = 0
configure:5055: result: yes
configure:5077: checking for stdio.h
configure:5077: result: yes
configure:5083: checking for string.h
configure:5083: result: yes
configure:5089: checking for stdlib.h
configure:5089: result: yes
configure:5095: checking for time.h
configure:5095: gcc -c -g -O2  conftest.c >&5
configure:5095: $? = 0
configure:5095: result: yes
configure:5101: checking for inttypes.h
configure:5101: result: yes
configure:5107: checking for malloc.h
configure:5107: gcc -c -g -O2  conftest.c >&5
configure:5107: $? = 0
configure:5107: result: yes
configure:5113: checking for stdint.h
configure:5113: result: yes
configure:5119: checking for sys/time.h
configure:5119: gcc -c -g -O2  conftest.c >&5
configure:5119: $? = 0
configure:5119: result: yes
configure:5125: checking for sys/timeb.h
configure:5125: gcc -c -g -O2  conftest.c >&5
configure:5125: $? = 0
configure:5125: result: yes
configure:5131: checking for unistd.h
configure:5131: result: yes
configure:5142: checking for _Bool
configure:5142: gcc -c -g -O2  conftest.c >&5
configure:5142: $? = 0
configure:5142: gcc -c -g -O2  conftest.c >&5
conftest.c: In function 'main':
conftest.c:65:20: error: expected expression before ')' token
   65 | if (sizeof ((_Bool)))
      |                    ^
configure:5142: $? = 1
configure: failed program was:
| /* confdefs.h */
| #define PACKAGE_NAME "facdoc"
| #define PACKAGE_TARNAME "facdoc"
| #define PACKAGE_VERSION "0.0.1"
| #define PACKAGE_STRING "facdoc 0.0.1"
| #define PACKAGE_BUGREPORT "h4x0r@gnu.org"
| #define PACKAGE_URL ""
| #define PACKAGE "facdoc"
| #define VERSION "0.0.1"
| #define YYTEXT_POINTER 1
| #define HAVE_LIBM 1
| #define HAVE_STDIO_H 1
| #define HAVE_STDLIB_H 1
| #define HAVE_STRING_H 1
| #define HAVE_INTTYPES_H 1
| #define HAVE_STDINT_H 1
| #define HAVE_STRINGS_H 1
| #define HAVE_SYS_STAT_H 1
| #define HAVE_SYS_TYPES_H 1
| #define HAVE_UNISTD_H 1
| #define STDC_HEADERS 1
| #define HAVE_ARGP_H 1
| #define HAVE_STDIO_H 1
| #define HAVE_STRING_H 1
| #define HAVE_STDLIB_H 1
| #define HAVE_TIME_H 1
| #define HAVE_INTTYPES_H 1
| #define HAVE_MALLOC_H 1
| #define HAVE_STDINT_H 1
| #define HAVE_SYS_TIME_H 1
| #define HAVE_SYS_TIMEB_H 1
| #define HAVE_UNISTD_H 1
| /* end confdefs.h.  */
| #include <stddef.h>
| #ifdef HAVE_STDIO_H
| # include <stdio.h>
| #endif
| #ifdef HAVE_STDLIB_H
| # include <stdlib.h>
| #endif
| #ifdef HAVE_STRING_H
| # include <string.h>
| #endif
| #ifdef HAVE_INTTYPES_H
| # include <inttypes.h>
| #endif
| #ifdef HAVE_STDINT_H
| # include <stdint.h>
| #endif
| #ifdef HAVE_STRINGS_H
| # include <strings.h>
| #endif
| #ifdef HAVE_SYS_TYPES_H
| # include <sys/types.h>
| #endif
| #ifdef HAVE_SYS_STAT_H
| # include <sys/stat.h>
| #endif
| #ifdef HAVE_UNISTD_H
| # include <unistd.h>
| #endif
| int
| main (void)
| {
| if (sizeof ((_Bool)))
| 	    return 0;
|   ;
|   return 0;
| }
configure:5142: result: yes
configure:5151: checking for stdbool.h that conforms to C99
configure:5267: gcc -c -g -O2  conftest.c >&5
configure:5267: $? = 0
configure:5275: result: yes
configure:5278: checking for size_t
configure:5278: gcc -c -g -O2  conftest.c >&5
configure:5278: $? = 0
configure:5278: gcc -c -g -O2  conftest.c >&5
conftest.c: In function 'main':
conftest.c:66:21: error: expected expression before ')' token
   66 | if (sizeof ((size_t)))
      |                     ^
configure:5278: $? = 1
configure: failed program was:
| /* confdefs.h */
| #define PACKAGE_NAME "facdoc"
| #define PACKAGE_TARNAME "facdoc"
| #define PACKAGE_VERSION "0.0.1"
| #define PACKAGE_STRING "facdoc 0.0.1"
| #define PACKAGE_BUGREPORT "h4x0r@gnu.org"
| #define PACKAGE_URL ""
| #define PACKAGE "facdoc"
| #define VERSION "0.0.1"
| #define YYTEXT_POINTER 1
| #define HAVE_LIBM 1
| #define HAVE_STDIO_H 1
| #define HAVE_STDLIB_H 1
| #define HAVE_STRING_H 1
| #define HAVE_INTTYPES_H 1
| #define HAVE_STDINT_H 1
| #define HAVE_STRINGS_H 1
| #define HAVE_SYS_STAT_H 1
| #define HAVE_SYS_TYPES_H 1
| #define HAVE_UNISTD_H 1
| #define STDC_HEADERS 1
| #define HAVE_ARGP_H 1
| #define HAVE_STDIO_H 1
| #define HAVE_STRING_H 1
| #define HAVE_STDLIB_H 1
| #define HAVE_TIME_H 1
| #define HAVE_INTTYPES_H 1
| #define HAVE_MALLOC_H 1
| #define HAVE_STDINT_H 1
| #define HAVE_SYS_TIME_H 1
| #define HAVE_SYS_TIMEB_H 1
| #define HAVE_UNISTD_H 1
| #define HAVE__BOOL 1
| /* end confdefs.h.  */
| #include <stddef.h>
| #ifdef HAVE_STDIO_H
| # include <stdio.h>
| #endif
| #ifdef HAVE_STDLIB_H
| # include <stdlib.h>
| #endif
| #ifdef HAVE_STRING_H
| # include <string.h>
| #endif
| #ifdef HAVE_INTTYPES_H
| # include <inttypes.h>
| #endif
| #ifdef HAVE_STDINT_H
| # include <stdint.h>
| #endif
| #ifdef HAVE_STRINGS_H
| # include <strings.h>
| #endif
| #ifdef HAVE_SYS_TYPES_H
| # include <sys/types.h>
| #endif
| #ifdef HAVE_SYS_STAT_H
| # include <sys/stat.h>
| #endif
| #ifdef HAVE_UNISTD_H
| # include <unistd.h>
| #endif
| int
| main (void)
| {
| if (sizeof ((size_t)))
| 	    return 0;
|   ;
|   return 0;
| }
configure:5278: result: yes
configure:5288: checking for uint32_t
configure:5288: gcc -c -g -O2  conftest.c >&5
configure:5288: $? = 0
configure:5288: result: yes
configure:5304: checking for GNU libc compatible malloc
configure:5336: gcc -o conftest -g -O2   conftest.c -lm  >&5
configure:5336: $? = 0
configure:5336: ./conftest
configure:5336: $? = 0
configure:5347: result: yes
configure:5369: checking for GNU libc compatible realloc
configure:5401: gcc -o conftest -g -O2   conftest.c -lm  >&5
configure:5401: $? = 0
configure:5401: ./conftest
configure:5401: $? = 0
configure:5412: result: yes
configure:5434: checking for memset
configure:5434: gcc -o conftest -g -O2   conftest.c -lm  >&5
conftest.c:53:6: warning: conflicting types for built-in function 'memset'; expected 'void *(void *, int,  long unsigned int)' [-Wbuiltin-declaration-mismatch]
   53 | char memset ();
      |      ^~~~~~
conftest.c:45:1: note: 'memset' is declared in header '<string.h>'
   44 | #include <limits.h>
   45 | #undef memset
configure:5434: $? = 0
configure:5434: result: yes
configure:5440: checking for strdup
configure:5440: gcc -o conftest -g -O2   conftest.c -lm  >&5
conftest.c:54:6: warning: conflicting types for built-in function 'strdup'; expected 'char *(const char *)' [-Wbuiltin-declaration-mismatch]
   54 | char strdup ();
      |      ^~~~~~
configure:5440: $? = 0
configure:5440: result: yes
configure:5446: checking for strndup
configure:5446: gcc -o conftest -g -O2   conftest.c -lm  >&5
conftest.c:55:6: warning: conflicting types for built-in function 'strndup'; expected 'char *(const char *, long unsigned int)' [-Wbuiltin-declaration-mismatch]
   55 | char strndup ();
      |      ^~~~~~~
configure:5446: $? = 0
configure:5446: result: yes
configure:5452: checking for error
configure:5452: gcc -o conftest -g -O2   conftest.c -lm  >&5
configure:5452: $? = 0
configure:5452: result: yes
configure:5460: checking for asprintf
configure:5460: gcc -o conftest -g -O2   conftest.c -lm  >&5
configure:5460: $? = 0
configure:5460: result: yes
configure:5572: checking that generated files are newer than configure
configure:5578: result: done
configure:5613: creating ./config.status

## ---------------------- ##
## Running config.status. ##
## ---------------------- ##

This file was extended by facdoc config.status 0.0.1, which was
generated by GNU Autoconf 2.71.  Invocation command line was

  CONFIG_FILES    = 
  CONFIG_HEADERS  = 
  CONFIG_LINKS    = 
  CONFIG_COMMANDS = 
  $ ./config.status 

on ltt440

config.status:886: creating Makefile
config.status:886: creating src/config.h
config.status:1100: executing depfiles commands
config.status:1177: cd .       && sed -e '/# am--include-marker/d' Makefile         | make -f - am--depfiles
config.status:1182: $? = 0

## ---------------- ##
## Cache variables. ##
## ---------------- ##

ac_cv_build=x86_64-pc-linux-gnu
ac_cv_c_compiler_gnu=yes
ac_cv_c_uint32_t=yes
ac_cv_env_CC_set=
ac_cv_env_CC_value=
ac_cv_env_CFLAGS_set=
ac_cv_env_CFLAGS_value=
ac_cv_env_CPPFLAGS_set=
ac_cv_env_CPPFLAGS_value=
ac_cv_env_LDFLAGS_set=
ac_cv_env_LDFLAGS_value=
ac_cv_env_LIBS_set=
ac_cv_env_LIBS_value=
ac_cv_env_YACC_set=
ac_cv_env_YACC_value=
ac_cv_env_YFLAGS_set=
ac_cv_env_YFLAGS_value=
ac_cv_env_build_alias_set=
ac_cv_env_build_alias_value=
ac_cv_env_host_alias_set=
ac_cv_env_host_alias_value=
ac_cv_env_target_alias_set=
ac_cv_env_target_alias_value=
ac_cv_func_asprintf=yes
ac_cv_func_error=yes
ac_cv_func_malloc_0_nonnull=yes
ac_cv_func_memset=yes
ac_cv_func_realloc_0_nonnull=yes
ac_cv_func_strdup=yes
ac_cv_func_strndup=yes
ac_cv_header_argp_h=yes
ac_cv_header_inttypes_h=yes
ac_cv_header_malloc_h=yes
ac_cv_header_stdbool_h=yes
ac_cv_header_stdint_h=yes
ac_cv_header_stdio_h=yes
ac_cv_header_stdlib_h=yes
ac_cv_header_string_h=yes
ac_cv_header_strings_h=yes
ac_cv_header_sys_stat_h=yes
ac_cv_header_sys_time_h=yes
ac_cv_header_sys_timeb_h=yes
ac_cv_header_sys_types_h=yes
ac_cv_header_time_h=yes
ac_cv_header_unistd_h=yes
ac_cv_host=x86_64-pc-linux-gnu
ac_cv_lib_lex='none needed'
ac_cv_lib_m_log10=yes
ac_cv_objext=o
ac_cv_path_install='/usr/bin/install -c'
ac_cv_path_mkdir=/usr/bin/mkdir
ac_cv_prog_AWK=gawk
ac_cv_prog_LEX=flex
ac_cv_prog_YACC='bison -y'
ac_cv_prog_ac_ct_CC=gcc
ac_cv_prog_cc_c11=
ac_cv_prog_cc_g=yes
ac_cv_prog_cc_stdc=
ac_cv_prog_lex_root=lex.yy
ac_cv_prog_lex_yytext_pointer=yes
ac_cv_prog_make_make_set=yes
ac_cv_type__Bool=yes
ac_cv_type_size_t=yes
am_cv_CC_dependencies_compiler_type=gcc3
am_cv_make_support_nested_variables=yes
am_cv_prog_cc_c_o=yes

## ----------------- ##
## Output variables. ##
## ----------------- ##

ACLOCAL='${SHELL} '\''/home/marlasimpson/Templates/facdoc/build-aux/missing'\'' aclocal-1.16'
AMDEPBACKSLASH='\'
AMDEP_FALSE='#'
AMDEP_TRUE=''
AMTAR='$${TAR-tar}'
AM_BACKSLASH='\'
AM_DEFAULT_V='$(AM_DEFAULT_VERBOSITY)'
AM_DEFAULT_VERBOSITY='1'
AM_V='$(V)'
AUTOCONF='${SHELL} '\''/home/marlasimpson/Templates/facdoc/build-aux/missing'\'' autoconf'
AUTOHEADER='${SHELL} '\''/home/marlasimpson/Templates/facdoc/build-aux/missing'\'' autoheader'
AUTOMAKE='${SHELL} '\''/home/marlasimpson/Templates/facdoc/build-aux/missing'\'' automake-1.16'
AWK='gawk'
CC='gcc'
CCDEPMODE='depmode=gcc3'
CFLAGS='-g -O2'
CPPFLAGS=''
CSCOPE='cscope'
CTAGS='ctags'
CYGPATH_W='echo'
DEFS='-DHAVE_CONFIG_H'
DEPDIR='.deps'
ECHO_C=''
ECHO_N='-n'
ECHO_T=''
ETAGS='etags'
EXEEXT=''
INSTALL_DATA='${INSTALL} -m 644'
INSTALL_PROGRAM='${INSTALL}'
INSTALL_SCRIPT='${INSTALL}'
INSTALL_STRIP_PROGRAM='$(install_sh) -c -s'
LDFLAGS=''
LEX='flex'
LEXLIB=''
LEX_OUTPUT_ROOT='lex.yy'
LIBOBJS=''
LIBS='-lm '
LINUX_FALSE='#'
LINUX_TRUE=''
LTLIBOBJS=''
MAKEINFO='${SHELL} '\''/home/marlasimpson/Templates/facdoc/build-aux/missing'\'' makeinfo'
MKDIR_P='/usr/bin/mkdir -p'
OBJEXT='o'
OSX_FALSE=''
OSX_TRUE='#'
PACKAGE='facdoc'
PACKAGE_BUGREPORT='h4x0r@gnu.org'
PACKAGE_NAME='facdoc'
PACKAGE_STRING='facdoc 0.0.1'
PACKAGE_TARNAME='facdoc'
PACKAGE_URL=''
PACKAGE_VERSION='0.0.1'
PATH_SEPARATOR=':'
SET_MAKE=''
SHELL='/bin/bash'
STRIP=''
VERSION='0.0.1'
WINDOWS_FALSE=''
WINDOWS_TRUE='#'
YACC='bison -y'
YFLAGS=''
ac_ct_CC='gcc'
am__EXEEXT_FALSE=''
am__EXEEXT_TRUE='#'
am__fastdepCC_FALSE='#'
am__fastdepCC_TRUE=''
am__include='include'
am__isrc=' -I$(srcdir)'
am__leading_dot='.'
am__nodep='_no'
am__quote=''
am__tar='$${TAR-tar} chof - "$$tardir"'
am__untar='$${TAR-tar} xf -'
bindir='${exec_prefix}/bin'
build='x86_64-pc-linux-gnu'
build_alias=''
build_cpu='x86_64'
build_os='linux-gnu'
build_vendor='pc'
datadir='${datarootdir}'
datarootdir='${prefix}/share'
docdir='${datarootdir}/doc/${PACKAGE_TARNAME}'
dvidir='${docdir}'
exec_prefix='${prefix}'
host='x86_64-pc-linux-gnu'
host_alias=''
host_cpu='x86_64'
host_os='linux-gnu'
host_vendor='pc'
htmldir='${docdir}'
includedir='${prefix}/include'
infodir='${datarootdir}/info'
install_sh='${SHELL} /home/marlasimpson/Templates/facdoc/build-aux/install-sh'
libdir='${exec_prefix}/lib'
libexecdir='${exec_prefix}/libexec'
localedir='${datarootdir}/locale'
localstatedir='${prefix}/var'
mandir='${datarootdir}/man'
mkdir_p='$(MKDIR_P)'
oldincludedir='/usr/include'
pdfdir='${docdir}'
prefix='/usr/local'
program_transform_name='s,x,x,'
psdir='${docdir}'
runstatedir='${localstatedir}/run'
sbindir='${exec_prefix}/sbin'
sharedstatedir='${prefix}/com'
sysconfdir='${prefix}/etc'
target_alias=''

## ----------- ##
## confdefs.h. ##
## ----------- ##

/* confdefs.h */
#define PACKAGE_NAME "facdoc"
#define PACKAGE_TARNAME "facdoc"
#define PACKAGE_VERSION "0.0.1"
#define PACKAGE_STRING "facdoc 0.0.1"
#define PACKAGE_BUGREPORT "h4x0r@gnu.org"
#define PACKAGE_URL ""
#define PACKAGE "facdoc"
#define VERSION "0.0.1"
#define YYTEXT_POINTER 1
#define HAVE_LIBM 1
#define HAVE_STDIO_H 1
#define HAVE_STDLIB_H 1
#define HAVE_STRING_H 1
#define HAVE_INTTYPES_H 1
#define HAVE_STDINT_H 1
#define HAVE_STRINGS_H 1
#define HAVE_SYS_STAT_H 1
#define HAVE_SYS_TYPES_H 1
#define HAVE_UNISTD_H 1
#define STDC_HEADERS 1
#define HAVE_ARGP_H 1
#define HAVE_STDIO_H 1
#define HAVE_STRING_H 1
#define HAVE_STDLIB_H 1
#define HAVE_TIME_H 1
#define HAVE_INTTYPES_H 1
#define HAVE_MALLOC_H 1
#define HAVE_STDINT_H 1
#define HAVE_SYS_TIME_H 1
#define HAVE_SYS_TIMEB_H 1
#define HAVE_UNISTD_H 1
#define HAVE__BOOL 1
#define HAVE_MALLOC 1
#define HAVE_REALLOC 1
#define HAVE_MEMSET 1
#define HAVE_STRDUP 1
#define HAVE_STRNDUP 1
#define HAVE_ERROR 1
#define HAVE_ASPRINTF 1

configure: exit 0
